<?xml version="1.0" encoding="UTF-8"?>
<!-- Generated by org.testng.reporters.JUnitXMLReporter -->
<testsuite ignored="0" hostname="LAPTOP-92OO8UIV" failures="0" tests="8" name="LoginTest" time="1.604" errors="0" timestamp="2026-08-11T12:35:32 IST">
  <testcase classname="Base.BaseClass" name="@BeforeClass setup" time="-1.786431930636E9">
    <failure type="org.testng.TestNGException" message="
Parameter &amp;apos;os&amp;apos; is required by BeforeClass on method setup but has not been marked @Optional or defined
in C:\Users\hinip\Downloads\Automation\grid-docer.xml">
      <![CDATA[org.testng.TestNGException: 
Parameter 'os' is required by BeforeClass on method setup but has not been marked @Optional or defined
in C:\Users\hinip\Downloads\Automation\grid-docer.xml
at java.base/java.util.ArrayList.forEach(ArrayList.java:1596)
... Removed 22 stack frames]]>
    </failure>
  </testcase> <!-- @BeforeClass setup -->
  <testcase classname="Base.BaseClass" name="@AfterClass exitwebsite" time="0.0">
    <skipped/>
  </testcase> <!-- @AfterClass exitwebsite -->
  <testcase classname="testCases.LoginTest" name="verify_login" time="0.001">
    <skipped/>
  </testcase> <!-- verify_login -->
  <testcase classname="testCases.LoginTest" name="verify_login" time="0.0">
    <skipped/>
  </testcase> <!-- verify_login -->
  <testcase classname="testCases.LoginTest" name="verify_login" time="0.0">
    <skipped/>
  </testcase> <!-- verify_login -->
  <testcase classname="testCases.LoginTest" name="verify_login" time="0.0">
    <skipped/>
  </testcase> <!-- verify_login -->
  <testcase classname="testCases.LoginTest" name="verify_login" time="0.0">
    <skipped/>
  </testcase> <!-- verify_login -->
  <testcase classname="testCases.LoginTest" name="verify_login" time="0.0">
    <skipped/>
  </testcase> <!-- verify_login -->
  <testcase classname="testCases.LoginTest" name="verify_login" time="0.0">
    <skipped/>
  </testcase> <!-- verify_login -->
  <testcase classname="testCases.LoginTest" name="verify_login" time="0.0">
    <skipped/>
  </testcase> <!-- verify_login -->
</testsuite> <!-- LoginTest -->
