<?xml version="1.0" encoding="UTF-8"?>
<!-- Generated by org.testng.reporters.JUnitXMLReporter -->
<testsuite ignored="0" hostname="LAPTOP-92OO8UIV" failures="1" tests="8" name="Linux-Chrome" time="85.468" errors="0" timestamp="2026-08-11T12:42:05 IST">
  <testcase classname="testCases.LoginTest" name="verify_login" time="1.163"/>
  <testcase classname="testCases.LoginTest" name="verify_login" time="10.5">
    <failure type="java.lang.AssertionError" message="expected [true] but found [false]">
      <![CDATA[java.lang.AssertionError: expected [true] but found [false]
at testCases.LoginTest.verify_login(LoginTest.java:35)
at java.base/java.util.ArrayList.forEach(ArrayList.java:1596)
... Removed 29 stack frames]]>
    </failure>
  </testcase> <!-- verify_login -->
  <testcase classname="testCases.LoginTest" name="verify_login" time="10.402"/>
  <testcase classname="testCases.LoginTest" name="verify_login" time="10.763"/>
  <testcase classname="testCases.LoginTest" name="verify_login" time="10.637"/>
  <testcase classname="testCases.LoginTest" name="verify_login" time="10.627"/>
  <testcase classname="testCases.LoginTest" name="verify_login" time="10.523"/>
  <testcase classname="testCases.LoginTest" name="verify_login" time="10.477"/>
</testsuite> <!-- Linux-Chrome -->
