<?xml version="1.0" encoding="UTF-8"?>
<!-- Generated by org.testng.reporters.JUnitXMLReporter -->
<testsuite ignored="0" hostname="LAPTOP-92OO8UIV" failures="1" tests="8" name="Linux-Firefox" time="81.781" errors="0" timestamp="2026-08-11T12:43:28 IST">
  <testcase classname="testCases.LoginTest" name="verify_login" time="1.171"/>
  <testcase classname="testCases.LoginTest" name="verify_login" time="10.661">
    <failure type="java.lang.AssertionError" message="expected [true] but found [false]">
      <![CDATA[java.lang.AssertionError: expected [true] but found [false]
at testCases.LoginTest.verify_login(LoginTest.java:35)
at java.base/java.util.ArrayList.forEach(ArrayList.java:1596)
... Removed 29 stack frames]]>
    </failure>
  </testcase> <!-- verify_login -->
  <testcase classname="testCases.LoginTest" name="verify_login" time="10.628"/>
  <testcase classname="testCases.LoginTest" name="verify_login" time="10.605"/>
  <testcase classname="testCases.LoginTest" name="verify_login" time="10.572"/>
  <testcase classname="testCases.LoginTest" name="verify_login" time="10.62"/>
  <testcase classname="testCases.LoginTest" name="verify_login" time="10.578"/>
  <testcase classname="testCases.LoginTest" name="verify_login" time="10.425"/>
</testsuite> <!-- Linux-Firefox -->
