<?xml version="1.0" encoding="UTF-8"?>
<!-- Generated by org.testng.reporters.JUnitXMLReporter -->
<testsuite ignored="0" hostname="LAPTOP-92OO8UIV" failures="1" tests="12" name="SauceDemo Tests" time="106.671" errors="0" timestamp="2026-08-10T18:41:52 IST">
  <testcase classname="testCases.LoginTest" name="verify_login" time="0.444"/>
  <testcase classname="testCases.LoginTest" name="verify_login" time="10.218">
    <failure type="java.lang.AssertionError" message="expected [true] but found [false]">
      <![CDATA[java.lang.AssertionError: expected [true] but found [false]
at testCases.LoginTest.verify_login(LoginTest.java:35)
at java.base/java.util.ArrayList.forEach(ArrayList.java:1597)
... Removed 33 stack frames]]>
    </failure>
  </testcase> <!-- verify_login -->
  <testcase classname="testCases.LoginTest" name="verify_login" time="10.221"/>
  <testcase classname="testCases.LoginTest" name="verify_login" time="10.316"/>
  <testcase classname="testCases.LoginTest" name="verify_login" time="10.346"/>
  <testcase classname="testCases.LoginTest" name="verify_login" time="10.231"/>
  <testcase classname="testCases.LoginTest" name="verify_login" time="10.362"/>
  <testcase classname="testCases.LoginTest" name="verify_login" time="10.27"/>
  <testcase classname="testCases.ProductTest" name="verify_product" time="0.574"/>
  <testcase classname="testCases.CartTest" name="verify_cartItem" time="20.691"/>
  <testcase classname="testCases.CheckoutTest" name="verify_checkout" time="0.67"/>
  <testcase classname="testCases.ProductTestDDT" name="verify_products" time="0.97"/>
</testsuite> <!-- SauceDemo Tests -->
