<?xml version="1.0" encoding="UTF-8"?>
<testng-results ignored="0" total="12" passed="11" failed="1" skipped="0">
  <reporter-output>
  </reporter-output>
  <suite started-at="2026-08-10T18:40:04 IST" name="SauceDemo Suite" finished-at="2026-08-10T18:41:51 IST" duration-ms="106671">
    <groups>
      <group name="Master">
        <method signature="CartTest.verify_cartItem()[pri:0, instance:testCases.CartTest@35d019a3]" name="verify_cartItem" class="testCases.CartTest"/>
        <method signature="CheckoutTest.verify_checkout()[pri:0, instance:testCases.CheckoutTest@689604d9]" name="verify_checkout" class="testCases.CheckoutTest"/>
        <method signature="LoginTest.verify_login(java.lang.String,java.lang.String,java.lang.String)[pri:0, instance:testCases.LoginTest@3349e9bb]" name="verify_login" class="testCases.LoginTest"/>
        <method signature="ProductTest.verify_product()[pri:0, instance:testCases.ProductTest@55b699ef]" name="verify_product" class="testCases.ProductTest"/>
        <method signature="ProductTestDDT.verify_products(java.lang.String,java.lang.String,java.lang.String,java.lang.String)[pri:0, instance:testCases.ProductTestDDT@18078bef]" name="verify_products" class="testCases.ProductTestDDT"/>
      </group> <!-- Master -->
      <group name="Sanity">
        <method signature="CartTest.verify_cartItem()[pri:0, instance:testCases.CartTest@35d019a3]" name="verify_cartItem" class="testCases.CartTest"/>
        <method signature="CheckoutTest.verify_checkout()[pri:0, instance:testCases.CheckoutTest@689604d9]" name="verify_checkout" class="testCases.CheckoutTest"/>
      </group> <!-- Sanity -->
      <group name="Regression">
        <method signature="CartTest.verify_cartItem()[pri:0, instance:testCases.CartTest@35d019a3]" name="verify_cartItem" class="testCases.CartTest"/>
        <method signature="CheckoutTest.verify_checkout()[pri:0, instance:testCases.CheckoutTest@689604d9]" name="verify_checkout" class="testCases.CheckoutTest"/>
        <method signature="LoginTest.verify_login(java.lang.String,java.lang.String,java.lang.String)[pri:0, instance:testCases.LoginTest@3349e9bb]" name="verify_login" class="testCases.LoginTest"/>
        <method signature="ProductTest.verify_product()[pri:0, instance:testCases.ProductTest@55b699ef]" name="verify_product" class="testCases.ProductTest"/>
        <method signature="ProductTestDDT.verify_products(java.lang.String,java.lang.String,java.lang.String,java.lang.String)[pri:0, instance:testCases.ProductTestDDT@18078bef]" name="verify_products" class="testCases.ProductTestDDT"/>
      </group> <!-- Regression -->
      <group name="Smoke">
        <method signature="ProductTest.verify_product()[pri:0, instance:testCases.ProductTest@55b699ef]" name="verify_product" class="testCases.ProductTest"/>
      </group> <!-- Smoke -->
    </groups>
    <test started-at="2026-08-10T18:40:04 IST" name="SauceDemo Tests" finished-at="2026-08-10T18:41:51 IST" duration-ms="106671">
      <class name="testCases.ProductTest">
        <test-method is-config="true" signature="setup(java.lang.String,java.lang.String)[pri:0, instance:testCases.ProductTest@55b699ef]" started-at="2026-08-10T18:41:21 IST" name="setup" finished-at="2026-08-10T18:41:22 IST" duration-ms="1391" status="PASS">
          <params>
            <param index="0">
              <value>
                <![CDATA[Windows]]>
              </value>
            </param>
            <param index="1">
              <value>
                <![CDATA[edge]]>
              </value>
            </param>
          </params>
          <reporter-output>
          </reporter-output>
        </test-method> <!-- setup -->
        <test-method signature="verify_product()[pri:0, instance:testCases.ProductTest@55b699ef]" started-at="2026-08-10T18:41:22 IST" name="verify_product" finished-at="2026-08-10T18:41:23 IST" duration-ms="574" status="PASS">
          <reporter-output>
          </reporter-output>
        </test-method> <!-- verify_product -->
        <test-method is-config="true" signature="exitwebsite()[pri:0, instance:testCases.ProductTest@55b699ef]" started-at="2026-08-10T18:41:23 IST" name="exitwebsite" finished-at="2026-08-10T18:41:23 IST" duration-ms="182" status="PASS">
          <reporter-output>
          </reporter-output>
        </test-method> <!-- exitwebsite -->
      </class> <!-- testCases.ProductTest -->
      <class name="testCases.ProductTestDDT">
        <test-method is-config="true" signature="setup(java.lang.String,java.lang.String)[pri:0, instance:testCases.ProductTestDDT@18078bef]" started-at="2026-08-10T18:41:48 IST" name="setup" finished-at="2026-08-10T18:41:49 IST" duration-ms="1413" status="PASS">
          <params>
            <param index="0">
              <value>
                <![CDATA[Windows]]>
              </value>
            </param>
            <param index="1">
              <value>
                <![CDATA[edge]]>
              </value>
            </param>
          </params>
          <reporter-output>
          </reporter-output>
        </test-method> <!-- setup -->
        <test-method signature="verify_products(java.lang.String,java.lang.String,java.lang.String,java.lang.String)[pri:0, instance:testCases.ProductTestDDT@18078bef]" started-at="2026-08-10T18:41:49 IST" name="verify_products" data-provider="ProductData" finished-at="2026-08-10T18:41:50 IST" duration-ms="970" status="PASS">
          <params>
            <param index="0">
              <value>
                <![CDATA[Sauce Labs Backpack]]>
              </value>
            </param>
            <param index="1">
              <value>
                <![CDATA[Sauce Labs Bike Light]]>
              </value>
            </param>
            <param index="2">
              <value>
                <![CDATA[Sauce Labs Bolt T-Shirt]]>
              </value>
            </param>
            <param index="3">
              <value>
                <![CDATA[Sauce Labs Fleece Jacket]]>
              </value>
            </param>
          </params>
          <reporter-output>
          </reporter-output>
        </test-method> <!-- verify_products -->
        <test-method is-config="true" signature="exitwebsite()[pri:0, instance:testCases.ProductTestDDT@18078bef]" started-at="2026-08-10T18:41:50 IST" name="exitwebsite" finished-at="2026-08-10T18:41:51 IST" duration-ms="207" status="PASS">
          <reporter-output>
          </reporter-output>
        </test-method> <!-- exitwebsite -->
      </class> <!-- testCases.ProductTestDDT -->
      <class name="testCases.LoginTest">
        <test-method is-config="true" signature="setup(java.lang.String,java.lang.String)[pri:0, instance:testCases.LoginTest@3349e9bb]" started-at="2026-08-10T18:40:04 IST" name="setup" finished-at="2026-08-10T18:40:06 IST" duration-ms="2155" status="PASS">
          <params>
            <param index="0">
              <value>
                <![CDATA[Windows]]>
              </value>
            </param>
            <param index="1">
              <value>
                <![CDATA[edge]]>
              </value>
            </param>
          </params>
          <reporter-output>
          </reporter-output>
        </test-method> <!-- setup -->
        <test-method signature="verify_login(java.lang.String,java.lang.String,java.lang.String)[pri:0, instance:testCases.LoginTest@3349e9bb]" started-at="2026-08-10T18:40:07 IST" name="verify_login" data-provider="LoginData" finished-at="2026-08-10T18:40:08 IST" duration-ms="444" status="PASS">
          <params>
            <param index="0">
              <value>
                <![CDATA[standard_user]]>
              </value>
            </param>
            <param index="1">
              <value>
                <![CDATA[secret_sauce]]>
              </value>
            </param>
            <param index="2">
              <value>
                <![CDATA[Valid]]>
              </value>
            </param>
          </params>
          <reporter-output>
          </reporter-output>
        </test-method> <!-- verify_login -->
        <test-method signature="verify_login(java.lang.String,java.lang.String,java.lang.String)[pri:0, instance:testCases.LoginTest@3349e9bb]" started-at="2026-08-10T18:40:08 IST" name="verify_login" data-provider="LoginData" finished-at="2026-08-10T18:40:18 IST" duration-ms="10218" status="FAIL">
          <params>
            <param index="0">
              <value>
                <![CDATA[locked_out_user]]>
              </value>
            </param>
            <param index="1">
              <value>
                <![CDATA[secret_sauce]]>
              </value>
            </param>
            <param index="2">
              <value>
                <![CDATA[Valid]]>
              </value>
            </param>
          </params>
          <exception class="java.lang.AssertionError">
            <message>
              <![CDATA[expected [true] but found [false]]]>
            </message>
            <full-stacktrace>
              <![CDATA[java.lang.AssertionError: expected [true] but found [false]
at org.testng.Assert.fail(Assert.java:111)
at org.testng.Assert.failNotEquals(Assert.java:1590)
at org.testng.Assert.assertTrue(Assert.java:57)
at org.testng.Assert.assertTrue(Assert.java:67)
at testCases.LoginTest.verify_login(LoginTest.java:35)
at java.base/jdk.internal.reflect.DirectMethodHandleAccessor.invoke(DirectMethodHandleAccessor.java:103)
at java.base/java.lang.reflect.Method.invoke(Method.java:580)
at org.testng.internal.invokers.MethodInvocationHelper.invokeMethod(MethodInvocationHelper.java:141)
at org.testng.internal.invokers.TestInvoker.invokeMethod(TestInvoker.java:697)
at org.testng.internal.invokers.TestInvoker.invokeTestMethod(TestInvoker.java:230)
at org.testng.internal.invokers.MethodRunner.runInSequence(MethodRunner.java:63)
at org.testng.internal.invokers.TestInvoker$MethodInvocationAgent.invoke(TestInvoker.java:1005)
at org.testng.internal.invokers.TestInvoker.invokeTestMethods(TestInvoker.java:203)
at org.testng.internal.invokers.TestMethodWorker.invokeTestMethods(TestMethodWorker.java:154)
at org.testng.internal.invokers.TestMethodWorker.run(TestMethodWorker.java:134)
at java.base/java.util.ArrayList.forEach(ArrayList.java:1597)
at org.testng.TestRunner.privateRun(TestRunner.java:744)
at org.testng.TestRunner.run(TestRunner.java:616)
at org.testng.SuiteRunner.runTest(SuiteRunner.java:421)
at org.testng.SuiteRunner.runSequentially(SuiteRunner.java:413)
at org.testng.SuiteRunner.privateRun(SuiteRunner.java:373)
at org.testng.SuiteRunner.run(SuiteRunner.java:312)
at org.testng.SuiteRunnerWorker.runSuite(SuiteRunnerWorker.java:52)
at org.testng.SuiteRunnerWorker.run(SuiteRunnerWorker.java:95)
at org.testng.TestNG.runSuitesSequentially(TestNG.java:1274)
at org.testng.TestNG.runSuitesLocally(TestNG.java:1208)
at org.testng.TestNG.runSuites(TestNG.java:1112)
at org.testng.TestNG.run(TestNG.java:1079)
at org.apache.maven.surefire.testng.TestNGExecutor.run(TestNGExecutor.java:308)
at org.apache.maven.surefire.testng.TestNGXmlTestSuite.execute(TestNGXmlTestSuite.java:71)
at org.apache.maven.surefire.testng.TestNGProvider.invoke(TestNGProvider.java:113)
at org.apache.maven.surefire.booter.ForkedBooter.runSuitesInProcess(ForkedBooter.java:385)
at org.apache.maven.surefire.booter.ForkedBooter.execute(ForkedBooter.java:162)
at org.apache.maven.surefire.booter.ForkedBooter.run(ForkedBooter.java:507)
at org.apache.maven.surefire.booter.ForkedBooter.main(ForkedBooter.java:495)
]]>
            </full-stacktrace>
          </exception> <!-- java.lang.AssertionError -->
          <reporter-output>
          </reporter-output>
        </test-method> <!-- verify_login -->
        <test-method signature="verify_login(java.lang.String,java.lang.String,java.lang.String)[pri:0, instance:testCases.LoginTest@3349e9bb]" started-at="2026-08-10T18:40:18 IST" name="verify_login" data-provider="LoginData" finished-at="2026-08-10T18:40:28 IST" duration-ms="10221" status="PASS">
          <params>
            <param index="0">
              <value>
                <![CDATA[wrong_user]]>
              </value>
            </param>
            <param index="1">
              <value>
                <![CDATA[secret_sauce]]>
              </value>
            </param>
            <param index="2">
              <value>
                <![CDATA[Invalid]]>
              </value>
            </param>
          </params>
          <reporter-output>
          </reporter-output>
        </test-method> <!-- verify_login -->
        <test-method signature="verify_login(java.lang.String,java.lang.String,java.lang.String)[pri:0, instance:testCases.LoginTest@3349e9bb]" started-at="2026-08-10T18:40:28 IST" name="verify_login" data-provider="LoginData" finished-at="2026-08-10T18:40:39 IST" duration-ms="10316" status="PASS">
          <params>
            <param index="0">
              <value>
                <![CDATA[standard_user]]>
              </value>
            </param>
            <param index="1">
              <value>
                <![CDATA[wrong_password]]>
              </value>
            </param>
            <param index="2">
              <value>
                <![CDATA[Invalid]]>
              </value>
            </param>
          </params>
          <reporter-output>
          </reporter-output>
        </test-method> <!-- verify_login -->
        <test-method signature="verify_login(java.lang.String,java.lang.String,java.lang.String)[pri:0, instance:testCases.LoginTest@3349e9bb]" started-at="2026-08-10T18:40:39 IST" name="verify_login" data-provider="LoginData" finished-at="2026-08-10T18:40:49 IST" duration-ms="10346" status="PASS">
          <params>
            <param index="0">
              <value>
                <![CDATA[wrong_user]]>
              </value>
            </param>
            <param index="1">
              <value>
                <![CDATA[wrong_password]]>
              </value>
            </param>
            <param index="2">
              <value>
                <![CDATA[Invalid]]>
              </value>
            </param>
          </params>
          <reporter-output>
          </reporter-output>
        </test-method> <!-- verify_login -->
        <test-method signature="verify_login(java.lang.String,java.lang.String,java.lang.String)[pri:0, instance:testCases.LoginTest@3349e9bb]" started-at="2026-08-10T18:40:49 IST" name="verify_login" data-provider="LoginData" finished-at="2026-08-10T18:40:59 IST" duration-ms="10231" status="PASS">
          <params>
            <param index="0">
              <value>
                <![CDATA[]]>
              </value>
            </param>
            <param index="1">
              <value>
                <![CDATA[secret_sauce]]>
              </value>
            </param>
            <param index="2">
              <value>
                <![CDATA[Invalid]]>
              </value>
            </param>
          </params>
          <reporter-output>
          </reporter-output>
        </test-method> <!-- verify_login -->
        <test-method signature="verify_login(java.lang.String,java.lang.String,java.lang.String)[pri:0, instance:testCases.LoginTest@3349e9bb]" started-at="2026-08-10T18:40:59 IST" name="verify_login" data-provider="LoginData" finished-at="2026-08-10T18:41:10 IST" duration-ms="10362" status="PASS">
          <params>
            <param index="0">
              <value>
                <![CDATA[standard_user]]>
              </value>
            </param>
            <param index="1">
              <value>
                <![CDATA[]]>
              </value>
            </param>
            <param index="2">
              <value>
                <![CDATA[Invalid]]>
              </value>
            </param>
          </params>
          <reporter-output>
          </reporter-output>
        </test-method> <!-- verify_login -->
        <test-method signature="verify_login(java.lang.String,java.lang.String,java.lang.String)[pri:0, instance:testCases.LoginTest@3349e9bb]" started-at="2026-08-10T18:41:10 IST" name="verify_login" data-provider="LoginData" finished-at="2026-08-10T18:41:20 IST" duration-ms="10270" status="PASS">
          <params>
            <param index="0">
              <value>
                <![CDATA[]]>
              </value>
            </param>
            <param index="1">
              <value>
                <![CDATA[]]>
              </value>
            </param>
            <param index="2">
              <value>
                <![CDATA[]]>
              </value>
            </param>
          </params>
          <reporter-output>
          </reporter-output>
        </test-method> <!-- verify_login -->
        <test-method is-config="true" signature="exitwebsite()[pri:0, instance:testCases.LoginTest@3349e9bb]" started-at="2026-08-10T18:41:20 IST" name="exitwebsite" finished-at="2026-08-10T18:41:21 IST" duration-ms="637" status="PASS">
          <reporter-output>
          </reporter-output>
        </test-method> <!-- exitwebsite -->
      </class> <!-- testCases.LoginTest -->
      <class name="testCases.CheckoutTest">
        <test-method is-config="true" signature="setup(java.lang.String,java.lang.String)[pri:0, instance:testCases.CheckoutTest@689604d9]" started-at="2026-08-10T18:41:46 IST" name="setup" finished-at="2026-08-10T18:41:47 IST" duration-ms="1456" status="PASS">
          <params>
            <param index="0">
              <value>
                <![CDATA[Windows]]>
              </value>
            </param>
            <param index="1">
              <value>
                <![CDATA[edge]]>
              </value>
            </param>
          </params>
          <reporter-output>
          </reporter-output>
        </test-method> <!-- setup -->
        <test-method signature="verify_checkout()[pri:0, instance:testCases.CheckoutTest@689604d9]" started-at="2026-08-10T18:41:47 IST" name="verify_checkout" finished-at="2026-08-10T18:41:48 IST" duration-ms="670" status="PASS">
          <reporter-output>
          </reporter-output>
        </test-method> <!-- verify_checkout -->
        <test-method is-config="true" signature="exitwebsite()[pri:0, instance:testCases.CheckoutTest@689604d9]" started-at="2026-08-10T18:41:48 IST" name="exitwebsite" finished-at="2026-08-10T18:41:48 IST" duration-ms="189" status="PASS">
          <reporter-output>
          </reporter-output>
        </test-method> <!-- exitwebsite -->
      </class> <!-- testCases.CheckoutTest -->
      <class name="testCases.CartTest">
        <test-method is-config="true" signature="setup(java.lang.String,java.lang.String)[pri:0, instance:testCases.CartTest@35d019a3]" started-at="2026-08-10T18:41:23 IST" name="setup" finished-at="2026-08-10T18:41:24 IST" duration-ms="1473" status="PASS">
          <params>
            <param index="0">
              <value>
                <![CDATA[Windows]]>
              </value>
            </param>
            <param index="1">
              <value>
                <![CDATA[edge]]>
              </value>
            </param>
          </params>
          <reporter-output>
          </reporter-output>
        </test-method> <!-- setup -->
        <test-method signature="verify_cartItem()[pri:0, instance:testCases.CartTest@35d019a3]" started-at="2026-08-10T18:41:24 IST" name="verify_cartItem" finished-at="2026-08-10T18:41:45 IST" duration-ms="20691" status="PASS">
          <reporter-output>
          </reporter-output>
        </test-method> <!-- verify_cartItem -->
        <test-method is-config="true" signature="exitwebsite()[pri:0, instance:testCases.CartTest@35d019a3]" started-at="2026-08-10T18:41:45 IST" name="exitwebsite" finished-at="2026-08-10T18:41:46 IST" duration-ms="596" status="PASS">
          <reporter-output>
          </reporter-output>
        </test-method> <!-- exitwebsite -->
      </class> <!-- testCases.CartTest -->
    </test> <!-- SauceDemo Tests -->
  </suite> <!-- SauceDemo Suite -->
</testng-results>
