<?xml version="1.0" encoding="UTF-8"?>
<testsuite xmlns:xsi="http://www.w3.org/2001/XMLSchema-instance" xsi:noNamespaceSchemaLocation="https://maven.apache.org/surefire/maven-surefire-plugin/xsd/surefire-test-report-3.0.xsd" version="3.0" name="TestSuite" time="108.435" tests="12" errors="0" skipped="0" failures="1">
  <properties>
[...]
</properties>
  <testcase name="verify_login[standard_user, secret_sauce, Valid](1)" classname="testCases.LoginTest" time="0.469">
    <system-err><![CDATA[SLF4J(W): No SLF4J providers were found.
SLF4J(W): Defaulting to no-operation (NOP) logger implementation
SLF4J(W): See https://www.slf4j.org/codes.html#noProviders for further details.
SLF4J(W): Class path contains SLF4J bindings targeting slf4j-api versions 1.7.x or earlier.
SLF4J(W): Ignoring binding found at [jar:file:/C:/Users/hinip/.m2/repository/org/apache/logging/log4j/log4j-slf4j-impl/2.22.0/log4j-slf4j-impl-2.22.0.jar!/org/slf4j/impl/StaticLoggerBinder.class]
SLF4J(W): See https://www.slf4j.org/codes.html#ignoredBindings for an explanation.
2026-08-10T13:10:04.781478300Z main INFO Starting configuration XmlConfiguration[location=C:\Users\hinip\Downloads\Automation\target\test-classes\log4j2.xml, lastModified=2026-08-10T13:10:01.804Z]...
2026-08-10T13:10:04.781478300Z main INFO Configuration XmlConfiguration[location=C:\Users\hinip\Downloads\Automation\target\test-classes\log4j2.xml, lastModified=2026-08-10T13:10:01.804Z] started.
2026-08-10T13:10:04.781478300Z main INFO Stopping configuration org.apache.logging.log4j.core.config.DefaultConfiguration@674bd420...
2026-08-10T13:10:04.781478300Z main INFO Configuration org.apache.logging.log4j.core.config.DefaultConfiguration@674bd420 stopped.
Aug 10, 2026 6:40:05 PM org.openqa.selenium.devtools.CdpVersionFinder findNearestMatch
WARNING: Unable to find an exact match for CDP version 151, returning the closest version; found: 150; Please update to a Selenium version that supports CDP version 151
]]></system-err>
  </testcase>
  <testcase name="verify_login[locked_out_user, secret_sauce, Valid](2)" classname="testCases.LoginTest" time="10.347">
    <failure message="expected [true] but found [false]" type="java.lang.AssertionError"><![CDATA[java.lang.AssertionError: expected [true] but found [false]
	at org.testng.Assert.fail(Assert.java:111)
	at org.testng.Assert.failNotEquals(Assert.java:1590)
	at org.testng.Assert.assertTrue(Assert.java:57)
	at org.testng.Assert.assertTrue(Assert.java:67)
	at testCases.LoginTest.verify_login(LoginTest.java:35)
	at java.base/jdk.internal.reflect.DirectMethodHandleAccessor.invoke(DirectMethodHandleAccessor.java:103)
	at java.base/java.lang.reflect.Method.invoke(Method.java:580)
	at org.testng.internal.invokers.MethodInvocationHelper.invokeMethod(MethodInvocationHelper.java:141)
	at org.testng.internal.invokers.TestInvoker.invokeMethod(TestInvoker.java:697)
	at org.testng.internal.invokers.TestInvoker.invokeTestMethod(TestInvoker.java:230)
	at org.testng.internal.invokers.MethodRunner.runInSequence(MethodRunner.java:63)
	at org.testng.internal.invokers.TestInvoker$MethodInvocationAgent.invoke(TestInvoker.java:1005)
	at org.testng.internal.invokers.TestInvoker.invokeTestMethods(TestInvoker.java:203)
	at org.testng.internal.invokers.TestMethodWorker.invokeTestMethods(TestMethodWorker.java:154)
	at org.testng.internal.invokers.TestMethodWorker.run(TestMethodWorker.java:134)
	at java.base/java.util.ArrayList.forEach(ArrayList.java:1597)
	at org.testng.TestRunner.privateRun(TestRunner.java:744)
	at org.testng.TestRunner.run(TestRunner.java:616)
	at org.testng.SuiteRunner.runTest(SuiteRunner.java:421)
	at org.testng.SuiteRunner.runSequentially(SuiteRunner.java:413)
	at org.testng.SuiteRunner.privateRun(SuiteRunner.java:373)
	at org.testng.SuiteRunner.run(SuiteRunner.java:312)
	at org.testng.SuiteRunnerWorker.runSuite(SuiteRunnerWorker.java:52)
	at org.testng.SuiteRunnerWorker.run(SuiteRunnerWorker.java:95)
	at org.testng.TestNG.runSuitesSequentially(TestNG.java:1274)
	at org.testng.TestNG.runSuitesLocally(TestNG.java:1208)
	at org.testng.TestNG.runSuites(TestNG.java:1112)
	at org.testng.TestNG.run(TestNG.java:1079)
	at org.apache.maven.surefire.testng.TestNGExecutor.run(TestNGExecutor.java:308)
	at org.apache.maven.surefire.testng.TestNGXmlTestSuite.execute(TestNGXmlTestSuite.java:71)
	at org.apache.maven.surefire.testng.TestNGProvider.invoke(TestNGProvider.java:113)
	at org.apache.maven.surefire.booter.ForkedBooter.runSuitesInProcess(ForkedBooter.java:385)
	at org.apache.maven.surefire.booter.ForkedBooter.execute(ForkedBooter.java:162)
	at org.apache.maven.surefire.booter.ForkedBooter.run(ForkedBooter.java:507)
	at org.apache.maven.surefire.booter.ForkedBooter.main(ForkedBooter.java:495)
]]></failure>
  </testcase>
  <testcase name="verify_login[wrong_user, secret_sauce, Invalid](3)" classname="testCases.LoginTest" time="10.225"/>
  <testcase name="verify_login[standard_user, wrong_password, Invalid](4)" classname="testCases.LoginTest" time="10.315"/>
  <testcase name="verify_login[wrong_user, wrong_password, Invalid](5)" classname="testCases.LoginTest" time="10.346"/>
  <testcase name="verify_login[, secret_sauce, Invalid](6)" classname="testCases.LoginTest" time="10.222"/>
  <testcase name="verify_login[standard_user, , Invalid](7)" classname="testCases.LoginTest" time="10.362"/>
  <testcase name="verify_login[, , ](8)" classname="testCases.LoginTest" time="10.253"/>
  <testcase name="verify_product" classname="testCases.ProductTest" time="0.573">
    <system-err><![CDATA[Aug 10, 2026 6:41:21 PM org.openqa.selenium.devtools.CdpVersionFinder findNearestMatch
WARNING: Unable to find an exact match for CDP version 151, returning the closest version; found: 150; Please update to a Selenium version that supports CDP version 151
]]></system-err>
  </testcase>
  <testcase name="verify_cartItem" classname="testCases.CartTest" time="20.691">
    <system-err><![CDATA[Aug 10, 2026 6:41:23 PM org.openqa.selenium.devtools.CdpVersionFinder findNearestMatch
WARNING: Unable to find an exact match for CDP version 151, returning the closest version; found: 150; Please update to a Selenium version that supports CDP version 151
]]></system-err>
  </testcase>
  <testcase name="verify_checkout" classname="testCases.CheckoutTest" time="0.669">
    <system-err><![CDATA[Aug 10, 2026 6:41:46 PM org.openqa.selenium.devtools.CdpVersionFinder findNearestMatch
WARNING: Unable to find an exact match for CDP version 151, returning the closest version; found: 150; Please update to a Selenium version that supports CDP version 151
]]></system-err>
  </testcase>
  <testcase name="verify_products[Sauce Labs Backpack, Sauce Labs Bike Light, Sauce Labs Bolt T-Shirt, Sauce Labs Fleece Jacket](1)" classname="testCases.ProductTestDDT" time="0.969">
    <system-err><![CDATA[Aug 10, 2026 6:41:49 PM org.openqa.selenium.devtools.CdpVersionFinder findNearestMatch
WARNING: Unable to find an exact match for CDP version 151, returning the closest version; found: 150; Please update to a Selenium version that supports CDP version 151
]]></system-err>
  </testcase>
</testsuite>