<?xml version="1.0" encoding="UTF-8"?>
<testng-results ignored="0" total="16" passed="14" failed="2" skipped="0">
  <reporter-output>
  </reporter-output>
  <suite started-at="2026-08-11T12:40:39 IST" name="Suite" finished-at="2026-08-11T12:43:27 IST" duration-ms="168297">
    <groups>
      <group name="Master">
        <method signature="LoginTest.verify_login(java.lang.String,java.lang.String,java.lang.String)[pri:0, instance:testCases.LoginTest@4116aac9]" name="verify_login" class="testCases.LoginTest"/>
        <method signature="LoginTest.verify_login(java.lang.String,java.lang.String,java.lang.String)[pri:0, instance:testCases.LoginTest@69453e37]" name="verify_login" class="testCases.LoginTest"/>
      </group> <!-- Master -->
      <group name="Regression">
        <method signature="LoginTest.verify_login(java.lang.String,java.lang.String,java.lang.String)[pri:0, instance:testCases.LoginTest@4116aac9]" name="verify_login" class="testCases.LoginTest"/>
        <method signature="LoginTest.verify_login(java.lang.String,java.lang.String,java.lang.String)[pri:0, instance:testCases.LoginTest@69453e37]" name="verify_login" class="testCases.LoginTest"/>
      </group> <!-- Regression -->
    </groups>
    <test started-at="2026-08-11T12:40:39 IST" name="Linux-Chrome" finished-at="2026-08-11T12:42:04 IST" duration-ms="85468">
      <class name="testCases.LoginTest">
        <test-method is-config="true" signature="setup(java.lang.String,java.lang.String)[pri:0, instance:testCases.LoginTest@4116aac9]" started-at="2026-08-11T12:40:39 IST" name="setup" finished-at="2026-08-11T12:40:48 IST" duration-ms="8338" status="PASS">
          <params>
            <param index="0">
              <value>
                <![CDATA[windows]]>
              </value>
            </param>
            <param index="1">
              <value>
                <![CDATA[chrome]]>
              </value>
            </param>
          </params>
          <reporter-output>
          </reporter-output>
        </test-method> <!-- setup -->
        <test-method signature="verify_login(java.lang.String,java.lang.String,java.lang.String)[pri:0, instance:testCases.LoginTest@4116aac9]" started-at="2026-08-11T12:40:49 IST" name="verify_login" data-provider="LoginData" finished-at="2026-08-11T12:40:50 IST" duration-ms="1163" status="PASS">
          <params>
            <param index="0">
              <value>
                <![CDATA[standard_user]]>
              </value>
            </param>
            <param index="1">
              <value>
                <![CDATA[secret_sauce]]>
              </value>
            </param>
            <param index="2">
              <value>
                <![CDATA[Valid]]>
              </value>
            </param>
          </params>
          <reporter-output>
          </reporter-output>
        </test-method> <!-- verify_login -->
        <test-method signature="verify_login(java.lang.String,java.lang.String,java.lang.String)[pri:0, instance:testCases.LoginTest@4116aac9]" started-at="2026-08-11T12:40:50 IST" name="verify_login" data-provider="LoginData" finished-at="2026-08-11T12:41:00 IST" duration-ms="10500" status="FAIL">
          <params>
            <param index="0">
              <value>
                <![CDATA[locked_out_user]]>
              </value>
            </param>
            <param index="1">
              <value>
                <![CDATA[secret_sauce]]>
              </value>
            </param>
            <param index="2">
              <value>
                <![CDATA[Valid]]>
              </value>
            </param>
          </params>
          <exception class="java.lang.AssertionError">
            <message>
              <![CDATA[expected [true] but found [false]]]>
            </message>
            <full-stacktrace>
              <![CDATA[java.lang.AssertionError: expected [true] but found [false]
at org.testng.Assert.fail(Assert.java:111)
at org.testng.Assert.failNotEquals(Assert.java:1590)
at org.testng.Assert.assertTrue(Assert.java:57)
at org.testng.Assert.assertTrue(Assert.java:67)
at testCases.LoginTest.verify_login(LoginTest.java:35)
at java.base/jdk.internal.reflect.DirectMethodHandleAccessor.invoke(DirectMethodHandleAccessor.java:103)
at java.base/java.lang.reflect.Method.invoke(Method.java:580)
at org.testng.internal.invokers.MethodInvocationHelper.invokeMethod(MethodInvocationHelper.java:141)
at org.testng.internal.invokers.TestInvoker.invokeMethod(TestInvoker.java:697)
at org.testng.internal.invokers.TestInvoker.invokeTestMethod(TestInvoker.java:230)
at org.testng.internal.invokers.MethodRunner.runInSequence(MethodRunner.java:63)
at org.testng.internal.invokers.TestInvoker$MethodInvocationAgent.invoke(TestInvoker.java:1005)
at org.testng.internal.invokers.TestInvoker.invokeTestMethods(TestInvoker.java:203)
at org.testng.internal.invokers.TestMethodWorker.invokeTestMethods(TestMethodWorker.java:154)
at org.testng.internal.invokers.TestMethodWorker.run(TestMethodWorker.java:134)
at java.base/java.util.ArrayList.forEach(ArrayList.java:1596)
at org.testng.TestRunner.privateRun(TestRunner.java:744)
at org.testng.TestRunner.run(TestRunner.java:616)
at org.testng.SuiteRunner.runTest(SuiteRunner.java:421)
at org.testng.SuiteRunner.runSequentially(SuiteRunner.java:413)
at org.testng.SuiteRunner.privateRun(SuiteRunner.java:373)
at org.testng.SuiteRunner.run(SuiteRunner.java:312)
at org.testng.SuiteRunnerWorker.runSuite(SuiteRunnerWorker.java:52)
at org.testng.SuiteRunnerWorker.run(SuiteRunnerWorker.java:95)
at org.testng.TestNG.runSuitesSequentially(TestNG.java:1274)
at org.testng.TestNG.runSuitesLocally(TestNG.java:1208)
at org.testng.TestNG.runSuites(TestNG.java:1112)
at org.testng.TestNG.run(TestNG.java:1079)
at org.testng.remote.AbstractRemoteTestNG.run(AbstractRemoteTestNG.java:115)
at org.testng.remote.RemoteTestNG.initAndRun(RemoteTestNG.java:293)
at org.testng.remote.RemoteTestNG.main(RemoteTestNG.java:91)
]]>
            </full-stacktrace>
          </exception> <!-- java.lang.AssertionError -->
          <reporter-output>
          </reporter-output>
        </test-method> <!-- verify_login -->
        <test-method signature="verify_login(java.lang.String,java.lang.String,java.lang.String)[pri:0, instance:testCases.LoginTest@4116aac9]" started-at="2026-08-11T12:41:01 IST" name="verify_login" data-provider="LoginData" finished-at="2026-08-11T12:41:11 IST" duration-ms="10402" status="PASS">
          <params>
            <param index="0">
              <value>
                <![CDATA[wrong_user]]>
              </value>
            </param>
            <param index="1">
              <value>
                <![CDATA[secret_sauce]]>
              </value>
            </param>
            <param index="2">
              <value>
                <![CDATA[Invalid]]>
              </value>
            </param>
          </params>
          <reporter-output>
          </reporter-output>
        </test-method> <!-- verify_login -->
        <test-method signature="verify_login(java.lang.String,java.lang.String,java.lang.String)[pri:0, instance:testCases.LoginTest@4116aac9]" started-at="2026-08-11T12:41:11 IST" name="verify_login" data-provider="LoginData" finished-at="2026-08-11T12:41:22 IST" duration-ms="10763" status="PASS">
          <params>
            <param index="0">
              <value>
                <![CDATA[standard_user]]>
              </value>
            </param>
            <param index="1">
              <value>
                <![CDATA[wrong_password]]>
              </value>
            </param>
            <param index="2">
              <value>
                <![CDATA[Invalid]]>
              </value>
            </param>
          </params>
          <reporter-output>
          </reporter-output>
        </test-method> <!-- verify_login -->
        <test-method signature="verify_login(java.lang.String,java.lang.String,java.lang.String)[pri:0, instance:testCases.LoginTest@4116aac9]" started-at="2026-08-11T12:41:22 IST" name="verify_login" data-provider="LoginData" finished-at="2026-08-11T12:41:32 IST" duration-ms="10637" status="PASS">
          <params>
            <param index="0">
              <value>
                <![CDATA[wrong_user]]>
              </value>
            </param>
            <param index="1">
              <value>
                <![CDATA[wrong_password]]>
              </value>
            </param>
            <param index="2">
              <value>
                <![CDATA[Invalid]]>
              </value>
            </param>
          </params>
          <reporter-output>
          </reporter-output>
        </test-method> <!-- verify_login -->
        <test-method signature="verify_login(java.lang.String,java.lang.String,java.lang.String)[pri:0, instance:testCases.LoginTest@4116aac9]" started-at="2026-08-11T12:41:32 IST" name="verify_login" data-provider="LoginData" finished-at="2026-08-11T12:41:43 IST" duration-ms="10627" status="PASS">
          <params>
            <param index="0">
              <value>
                <![CDATA[]]>
              </value>
            </param>
            <param index="1">
              <value>
                <![CDATA[secret_sauce]]>
              </value>
            </param>
            <param index="2">
              <value>
                <![CDATA[Invalid]]>
              </value>
            </param>
          </params>
          <reporter-output>
          </reporter-output>
        </test-method> <!-- verify_login -->
        <test-method signature="verify_login(java.lang.String,java.lang.String,java.lang.String)[pri:0, instance:testCases.LoginTest@4116aac9]" started-at="2026-08-11T12:41:43 IST" name="verify_login" data-provider="LoginData" finished-at="2026-08-11T12:41:53 IST" duration-ms="10523" status="PASS">
          <params>
            <param index="0">
              <value>
                <![CDATA[standard_user]]>
              </value>
            </param>
            <param index="1">
              <value>
                <![CDATA[]]>
              </value>
            </param>
            <param index="2">
              <value>
                <![CDATA[Invalid]]>
              </value>
            </param>
          </params>
          <reporter-output>
          </reporter-output>
        </test-method> <!-- verify_login -->
        <test-method signature="verify_login(java.lang.String,java.lang.String,java.lang.String)[pri:0, instance:testCases.LoginTest@4116aac9]" started-at="2026-08-11T12:41:53 IST" name="verify_login" data-provider="LoginData" finished-at="2026-08-11T12:42:04 IST" duration-ms="10477" status="PASS">
          <params>
            <param index="0">
              <value>
                <![CDATA[]]>
              </value>
            </param>
            <param index="1">
              <value>
                <![CDATA[]]>
              </value>
            </param>
            <param index="2">
              <value>
                <![CDATA[]]>
              </value>
            </param>
          </params>
          <reporter-output>
          </reporter-output>
        </test-method> <!-- verify_login -->
        <test-method is-config="true" signature="exitwebsite()[pri:0, instance:testCases.LoginTest@4116aac9]" started-at="2026-08-11T12:42:04 IST" name="exitwebsite" finished-at="2026-08-11T12:42:04 IST" duration-ms="502" status="PASS">
          <reporter-output>
          </reporter-output>
        </test-method> <!-- exitwebsite -->
      </class> <!-- testCases.LoginTest -->
    </test> <!-- Linux-Chrome -->
    <test started-at="2026-08-11T12:42:06 IST" name="Linux-Firefox" finished-at="2026-08-11T12:43:27 IST" duration-ms="81781">
      <class name="testCases.LoginTest">
        <test-method is-config="true" signature="setup(java.lang.String,java.lang.String)[pri:0, instance:testCases.LoginTest@69453e37]" started-at="2026-08-11T12:42:06 IST" name="setup" finished-at="2026-08-11T12:42:10 IST" duration-ms="4015" status="PASS">
          <params>
            <param index="0">
              <value>
                <![CDATA[windows]]>
              </value>
            </param>
            <param index="1">
              <value>
                <![CDATA[edge]]>
              </value>
            </param>
          </params>
          <reporter-output>
          </reporter-output>
        </test-method> <!-- setup -->
        <test-method signature="verify_login(java.lang.String,java.lang.String,java.lang.String)[pri:0, instance:testCases.LoginTest@69453e37]" started-at="2026-08-11T12:42:11 IST" name="verify_login" data-provider="LoginData" finished-at="2026-08-11T12:42:12 IST" duration-ms="1171" status="PASS">
          <params>
            <param index="0">
              <value>
                <![CDATA[standard_user]]>
              </value>
            </param>
            <param index="1">
              <value>
                <![CDATA[secret_sauce]]>
              </value>
            </param>
            <param index="2">
              <value>
                <![CDATA[Valid]]>
              </value>
            </param>
          </params>
          <reporter-output>
          </reporter-output>
        </test-method> <!-- verify_login -->
        <test-method signature="verify_login(java.lang.String,java.lang.String,java.lang.String)[pri:0, instance:testCases.LoginTest@69453e37]" started-at="2026-08-11T12:42:12 IST" name="verify_login" data-provider="LoginData" finished-at="2026-08-11T12:42:22 IST" duration-ms="10661" status="FAIL">
          <params>
            <param index="0">
              <value>
                <![CDATA[locked_out_user]]>
              </value>
            </param>
            <param index="1">
              <value>
                <![CDATA[secret_sauce]]>
              </value>
            </param>
            <param index="2">
              <value>
                <![CDATA[Valid]]>
              </value>
            </param>
          </params>
          <exception class="java.lang.AssertionError">
            <message>
              <![CDATA[expected [true] but found [false]]]>
            </message>
            <full-stacktrace>
              <![CDATA[java.lang.AssertionError: expected [true] but found [false]
at org.testng.Assert.fail(Assert.java:111)
at org.testng.Assert.failNotEquals(Assert.java:1590)
at org.testng.Assert.assertTrue(Assert.java:57)
at org.testng.Assert.assertTrue(Assert.java:67)
at testCases.LoginTest.verify_login(LoginTest.java:35)
at java.base/jdk.internal.reflect.DirectMethodHandleAccessor.invoke(DirectMethodHandleAccessor.java:103)
at java.base/java.lang.reflect.Method.invoke(Method.java:580)
at org.testng.internal.invokers.MethodInvocationHelper.invokeMethod(MethodInvocationHelper.java:141)
at org.testng.internal.invokers.TestInvoker.invokeMethod(TestInvoker.java:697)
at org.testng.internal.invokers.TestInvoker.invokeTestMethod(TestInvoker.java:230)
at org.testng.internal.invokers.MethodRunner.runInSequence(MethodRunner.java:63)
at org.testng.internal.invokers.TestInvoker$MethodInvocationAgent.invoke(TestInvoker.java:1005)
at org.testng.internal.invokers.TestInvoker.invokeTestMethods(TestInvoker.java:203)
at org.testng.internal.invokers.TestMethodWorker.invokeTestMethods(TestMethodWorker.java:154)
at org.testng.internal.invokers.TestMethodWorker.run(TestMethodWorker.java:134)
at java.base/java.util.ArrayList.forEach(ArrayList.java:1596)
at org.testng.TestRunner.privateRun(TestRunner.java:744)
at org.testng.TestRunner.run(TestRunner.java:616)
at org.testng.SuiteRunner.runTest(SuiteRunner.java:421)
at org.testng.SuiteRunner.runSequentially(SuiteRunner.java:413)
at org.testng.SuiteRunner.privateRun(SuiteRunner.java:373)
at org.testng.SuiteRunner.run(SuiteRunner.java:312)
at org.testng.SuiteRunnerWorker.runSuite(SuiteRunnerWorker.java:52)
at org.testng.SuiteRunnerWorker.run(SuiteRunnerWorker.java:95)
at org.testng.TestNG.runSuitesSequentially(TestNG.java:1274)
at org.testng.TestNG.runSuitesLocally(TestNG.java:1208)
at org.testng.TestNG.runSuites(TestNG.java:1112)
at org.testng.TestNG.run(TestNG.java:1079)
at org.testng.remote.AbstractRemoteTestNG.run(AbstractRemoteTestNG.java:115)
at org.testng.remote.RemoteTestNG.initAndRun(RemoteTestNG.java:293)
at org.testng.remote.RemoteTestNG.main(RemoteTestNG.java:91)
]]>
            </full-stacktrace>
          </exception> <!-- java.lang.AssertionError -->
          <reporter-output>
          </reporter-output>
        </test-method> <!-- verify_login -->
        <test-method signature="verify_login(java.lang.String,java.lang.String,java.lang.String)[pri:0, instance:testCases.LoginTest@69453e37]" started-at="2026-08-11T12:42:23 IST" name="verify_login" data-provider="LoginData" finished-at="2026-08-11T12:42:33 IST" duration-ms="10628" status="PASS">
          <params>
            <param index="0">
              <value>
                <![CDATA[wrong_user]]>
              </value>
            </param>
            <param index="1">
              <value>
                <![CDATA[secret_sauce]]>
              </value>
            </param>
            <param index="2">
              <value>
                <![CDATA[Invalid]]>
              </value>
            </param>
          </params>
          <reporter-output>
          </reporter-output>
        </test-method> <!-- verify_login -->
        <test-method signature="verify_login(java.lang.String,java.lang.String,java.lang.String)[pri:0, instance:testCases.LoginTest@69453e37]" started-at="2026-08-11T12:42:33 IST" name="verify_login" data-provider="LoginData" finished-at="2026-08-11T12:42:44 IST" duration-ms="10605" status="PASS">
          <params>
            <param index="0">
              <value>
                <![CDATA[standard_user]]>
              </value>
            </param>
            <param index="1">
              <value>
                <![CDATA[wrong_password]]>
              </value>
            </param>
            <param index="2">
              <value>
                <![CDATA[Invalid]]>
              </value>
            </param>
          </params>
          <reporter-output>
          </reporter-output>
        </test-method> <!-- verify_login -->
        <test-method signature="verify_login(java.lang.String,java.lang.String,java.lang.String)[pri:0, instance:testCases.LoginTest@69453e37]" started-at="2026-08-11T12:42:44 IST" name="verify_login" data-provider="LoginData" finished-at="2026-08-11T12:42:54 IST" duration-ms="10572" status="PASS">
          <params>
            <param index="0">
              <value>
                <![CDATA[wrong_user]]>
              </value>
            </param>
            <param index="1">
              <value>
                <![CDATA[wrong_password]]>
              </value>
            </param>
            <param index="2">
              <value>
                <![CDATA[Invalid]]>
              </value>
            </param>
          </params>
          <reporter-output>
          </reporter-output>
        </test-method> <!-- verify_login -->
        <test-method signature="verify_login(java.lang.String,java.lang.String,java.lang.String)[pri:0, instance:testCases.LoginTest@69453e37]" started-at="2026-08-11T12:42:54 IST" name="verify_login" data-provider="LoginData" finished-at="2026-08-11T12:43:05 IST" duration-ms="10620" status="PASS">
          <params>
            <param index="0">
              <value>
                <![CDATA[]]>
              </value>
            </param>
            <param index="1">
              <value>
                <![CDATA[secret_sauce]]>
              </value>
            </param>
            <param index="2">
              <value>
                <![CDATA[Invalid]]>
              </value>
            </param>
          </params>
          <reporter-output>
          </reporter-output>
        </test-method> <!-- verify_login -->
        <test-method signature="verify_login(java.lang.String,java.lang.String,java.lang.String)[pri:0, instance:testCases.LoginTest@69453e37]" started-at="2026-08-11T12:43:05 IST" name="verify_login" data-provider="LoginData" finished-at="2026-08-11T12:43:16 IST" duration-ms="10578" status="PASS">
          <params>
            <param index="0">
              <value>
                <![CDATA[standard_user]]>
              </value>
            </param>
            <param index="1">
              <value>
                <![CDATA[]]>
              </value>
            </param>
            <param index="2">
              <value>
                <![CDATA[Invalid]]>
              </value>
            </param>
          </params>
          <reporter-output>
          </reporter-output>
        </test-method> <!-- verify_login -->
        <test-method signature="verify_login(java.lang.String,java.lang.String,java.lang.String)[pri:0, instance:testCases.LoginTest@69453e37]" started-at="2026-08-11T12:43:16 IST" name="verify_login" data-provider="LoginData" finished-at="2026-08-11T12:43:26 IST" duration-ms="10425" status="PASS">
          <params>
            <param index="0">
              <value>
                <![CDATA[]]>
              </value>
            </param>
            <param index="1">
              <value>
                <![CDATA[]]>
              </value>
            </param>
            <param index="2">
              <value>
                <![CDATA[]]>
              </value>
            </param>
          </params>
          <reporter-output>
          </reporter-output>
        </test-method> <!-- verify_login -->
        <test-method is-config="true" signature="exitwebsite()[pri:0, instance:testCases.LoginTest@69453e37]" started-at="2026-08-11T12:43:26 IST" name="exitwebsite" finished-at="2026-08-11T12:43:27 IST" duration-ms="1248" status="PASS">
          <reporter-output>
          </reporter-output>
        </test-method> <!-- exitwebsite -->
      </class> <!-- testCases.LoginTest -->
    </test> <!-- Linux-Firefox -->
  </suite> <!-- Suite -->
</testng-results>
