<?xml version="1.0" encoding="UTF-8"?>
<!-- Generated by org.testng.reporters.JUnitXMLReporter -->
<testsuite ignored="0" hostname="LAPTOP-92OO8UIV" failures="1" tests="12" name="SauceDemo Tests" time="118.219" errors="0" timestamp="2026-08-11T12:12:34 IST">
  <testcase classname="testCases.LoginTest" name="verify_login" time="0.895"/>
  <testcase classname="testCases.LoginTest" name="verify_login" time="10.402">
    <failure type="java.lang.AssertionError" message="expected [true] but found [false]">
      <![CDATA[java.lang.AssertionError: expected [true] but found [false]
at testCases.LoginTest.verify_login(LoginTest.java:35)
at java.base/java.util.ArrayList.forEach(ArrayList.java:1596)
... Removed 29 stack frames]]>
    </failure>
  </testcase> <!-- verify_login -->
  <testcase classname="testCases.LoginTest" name="verify_login" time="10.316"/>
  <testcase classname="testCases.LoginTest" name="verify_login" time="10.457"/>
  <testcase classname="testCases.LoginTest" name="verify_login" time="10.392"/>
  <testcase classname="testCases.LoginTest" name="verify_login" time="10.36"/>
  <testcase classname="testCases.LoginTest" name="verify_login" time="10.429"/>
  <testcase classname="testCases.LoginTest" name="verify_login" time="10.321"/>
  <testcase classname="testCases.ProductTest" name="verify_product" time="0.96"/>
  <testcase classname="testCases.CartTest" name="verify_cartItem" time="20.905"/>
  <testcase classname="testCases.CheckoutTest" name="verify_checkout" time="0.982"/>
  <testcase classname="testCases.ProductTestDDT" name="verify_products" time="2.11"/>
</testsuite> <!-- SauceDemo Tests -->
